{
  "0 debug pnpm:scope": {
    "selected": 1
  },
  "1 error pnpm": {
    "code": "ELIFECYCLE",
    "errno": "ENOENT",
    "syscall": "spawn",
    "file": "sh",
    "pkgid": "my-package@0.0.1",
    "stage": "build",
    "script": "tsup index.ts --format cjs,esm --dts",
    "pkgname": "my-package",
    "err": {
      "name": "pnpm",
      "message": "my-package@0.0.1 build: `tsup index.ts --format cjs,esm --dts`\nspawn ENOENT",
      "code": "ELIFECYCLE",
      "stack": "pnpm: my-package@0.0.1 build: `tsup index.ts --format cjs,esm --dts`\nspawn ENOENT\n    at ChildProcess.<anonymous> (/Users/haydonlam/.volta/tools/image/packages/pnpm/lib/node_modules/pnpm/dist/pnpm.cjs:95159:22)\n    at ChildProcess.emit (node:events:527:28)\n    at maybeClose (node:internal/child_process:1092:16)\n    at Process.ChildProcess._handle.onexit (node:internal/child_process:302:5)"
    }
  },
  "2 warn pnpm:global": " Local package.json exists, but node_modules missing, did you mean to install?"
}